<?xml version="1.0" encoding="UTF-8"?>
<robot generator="Robot 6.1.1 (Python 3.10.11 on win32)" generated="20240202 15:20:31.078" rpa="false" schemaversion="4">
<suite id="s1" name="Scroll" source="C:\Users\asr\Desktop\count\shangai\newone\scroll\scroll.robot">
<test id="s1-t1" name="scrolltest" line="6">
<kw name="Open Browser" library="SeleniumLibrary">
<arg>https://www.countries-ofthe-world.com/flags-of-the-world.html</arg>
<arg>Chrome</arg>
<doc>Opens a new browser instance to the optional ``url``.</doc>
<msg timestamp="20240202 15:20:32.122" level="INFO">Opening browser 'Chrome' to base url 'https://www.countries-ofthe-world.com/flags-of-the-world.html'.</msg>
<status status="PASS" starttime="20240202 15:20:32.122" endtime="20240202 15:20:40.647"/>
</kw>
<kw name="Maximize Browser Window" library="SeleniumLibrary">
<doc>Maximizes current browser window.</doc>
<status status="PASS" starttime="20240202 15:20:40.647" endtime="20240202 15:20:40.763"/>
</kw>
<kw name="Execute Javascript" library="SeleniumLibrary">
<arg>window.scrollTo(0,document.body.scrollHeight)</arg>
<doc>Executes the given JavaScript code with possible arguments.</doc>
<msg timestamp="20240202 15:20:40.763" level="INFO">Executing JavaScript:
window.scrollTo(0,document.body.scrollHeight)
Without any arguments.</msg>
<status status="PASS" starttime="20240202 15:20:40.763" endtime="20240202 15:20:40.775"/>
</kw>
<kw name="Sleep" library="BuiltIn">
<arg>5</arg>
<doc>Pauses the test executed for the given time.</doc>
<msg timestamp="20240202 15:20:45.785" level="INFO">Slept 5 seconds</msg>
<status status="PASS" starttime="20240202 15:20:40.776" endtime="20240202 15:20:45.785"/>
</kw>
<kw name="Execute Javascript" library="SeleniumLibrary">
<arg>window.scrollTo(0,-document.body.scrollHeight)</arg>
<doc>Executes the given JavaScript code with possible arguments.</doc>
<msg timestamp="20240202 15:20:45.787" level="INFO">Executing JavaScript:
window.scrollTo(0,-document.body.scrollHeight)
Without any arguments.</msg>
<status status="PASS" starttime="20240202 15:20:45.786" endtime="20240202 15:20:45.796"/>
</kw>
<kw name="Close Browser" library="SeleniumLibrary">
<doc>Closes the current browser.</doc>
<status status="PASS" starttime="20240202 15:20:45.796" endtime="20240202 15:20:47.932"/>
</kw>
<status status="PASS" starttime="20240202 15:20:32.121" endtime="20240202 15:20:47.933"/>
</test>
<status status="PASS" starttime="20240202 15:20:31.079" endtime="20240202 15:20:47.936"/>
</suite>
<statistics>
<total>
<stat pass="1" fail="0" skip="0">All Tests</stat>
</total>
<tag>
</tag>
<suite>
<stat pass="1" fail="0" skip="0" id="s1" name="Scroll">Scroll</stat>
</suite>
</statistics>
<errors>
</errors>
</robot>
