<?xml version="1.0" encoding="UTF-8"?>
<robot generator="Robot 6.1.1 (Python 3.10.12 on win32)" generated="20240202 15:08:48.173" rpa="false" schemaversion="4">
<suite id="s1" name="Shangai" source="C:\Users\asr\Desktop\count\shangai">
<suite id="s1-s1" name="Newone" source="C:\Users\asr\Desktop\count\shangai\newone">
<suite id="s1-s1-s1" name="Scroll" source="C:\Users\asr\Desktop\count\shangai\newone\scroll">
<suite id="s1-s1-s1-s1" name="Scroll" source="C:\Users\asr\Desktop\count\shangai\newone\scroll\scroll.robot">
<test id="s1-s1-s1-s1-t1" name="scrolltest" line="6">
<kw name="Open Browser" library="SeleniumLibrary">
<arg>https://www.countries-ofthe-world.com/flags-of-the-world.html</arg>
<arg>Chrome</arg>
<doc>Opens a new browser instance to the optional ``url``.</doc>
<msg timestamp="20240202 15:08:48.389" level="INFO">Opening browser 'Chrome' to base url 'https://www.countries-ofthe-world.com/flags-of-the-world.html'.</msg>
<status status="PASS" starttime="20240202 15:08:48.389" endtime="20240202 15:08:51.839"/>
</kw>
<kw name="Maximize Browser Window" library="SeleniumLibrary">
<doc>Maximizes current browser window.</doc>
<status status="PASS" starttime="20240202 15:08:51.839" endtime="20240202 15:08:51.956"/>
</kw>
<kw name="Execute Javascript" library="SeleniumLibrary">
<arg>window.scrollTo(0,document.body.scrollHeight)</arg>
<doc>Executes the given JavaScript code with possible arguments.</doc>
<msg timestamp="20240202 15:08:51.956" level="INFO">Executing JavaScript:
window.scrollTo(0,document.body.scrollHeight)
Without any arguments.</msg>
<status status="PASS" starttime="20240202 15:08:51.956" endtime="20240202 15:08:51.971"/>
</kw>
<kw name="Sleep" library="BuiltIn">
<arg>5</arg>
<doc>Pauses the test executed for the given time.</doc>
<msg timestamp="20240202 15:08:56.978" level="INFO">Slept 5 seconds</msg>
<status status="PASS" starttime="20240202 15:08:51.972" endtime="20240202 15:08:56.978"/>
</kw>
<kw name="Execute Javascript" library="SeleniumLibrary">
<arg>window.scrollTo(0,-document.body.scrollHeight)</arg>
<doc>Executes the given JavaScript code with possible arguments.</doc>
<msg timestamp="20240202 15:08:56.983" level="INFO">Executing JavaScript:
window.scrollTo(0,-document.body.scrollHeight)
Without any arguments.</msg>
<status status="PASS" starttime="20240202 15:08:56.980" endtime="20240202 15:08:56.992"/>
</kw>
<kw name="Close Browser" library="SeleniumLibrary">
<doc>Closes the current browser.</doc>
<status status="PASS" starttime="20240202 15:08:56.992" endtime="20240202 15:08:59.100"/>
</kw>
<status status="PASS" starttime="20240202 15:08:48.389" endtime="20240202 15:08:59.100"/>
</test>
<status status="PASS" starttime="20240202 15:08:48.211" endtime="20240202 15:08:59.100"/>
</suite>
<status status="PASS" starttime="20240202 15:08:48.208" endtime="20240202 15:08:59.100"/>
</suite>
<status status="PASS" starttime="20240202 15:08:48.192" endtime="20240202 15:08:59.100"/>
</suite>
<status status="PASS" starttime="20240202 15:08:48.180" endtime="20240202 15:08:59.100"/>
</suite>
<statistics>
<total>
<stat pass="1" fail="0" skip="0">All Tests</stat>
</total>
<tag>
</tag>
<suite>
<stat pass="1" fail="0" skip="0" id="s1" name="Shangai">Shangai</stat>
<stat pass="1" fail="0" skip="0" id="s1-s1" name="Newone">Shangai.Newone</stat>
<stat pass="1" fail="0" skip="0" id="s1-s1-s1" name="Scroll">Shangai.Newone.Scroll</stat>
<stat pass="1" fail="0" skip="0" id="s1-s1-s1-s1" name="Scroll">Shangai.Newone.Scroll.Scroll</stat>
</suite>
</statistics>
<errors>
</errors>
</robot>
